<?xml version="1.0" encoding="UTF-8"?>
<testsuite hostname="Santhosh-E4310" name="com.projectname.scripts.DriverScriptTest" tests="1" failures="1" timestamp="14 May 2014 12:36:12 GMT" time="38.252" errors="0">
  <testcase name="driverScript" time="37.944" classname="com.projectname.scripts.DriverScriptTest">
    <failure type="java.lang.RuntimeException" message="java.lang.NullPointerException">
      <![CDATA[java.lang.RuntimeException: java.lang.NullPointerException
	at jxl.write.biff.File.write(File.java:148)
	at jxl.write.biff.WritableWorkbookImpl.write(WritableWorkbookImpl.java:624)
	at com.projectname.scripts.DriverScriptTest.runTest(DriverScriptTest.java:152)
	at com.projectname.scripts.DriverScriptTest.driverScript(DriverScriptTest.java:78)
	at org.apache.maven.surefire.testng.TestNGExecutor.run(TestNGExecutor.java:77)
	at org.apache.maven.surefire.testng.TestNGDirectoryTestSuite.executeMulti(TestNGDirectoryTestSuite.java:159)
	at org.apache.maven.surefire.testng.TestNGDirectoryTestSuite.execute(TestNGDirectoryTestSuite.java:99)
	at org.apache.maven.surefire.testng.TestNGProvider.invoke(TestNGProvider.java:106)
	at org.apache.maven.surefire.util.ReflectionUtils.invokeMethodWithArray(ReflectionUtils.java:189)
	at org.apache.maven.surefire.booter.ProviderFactory$ProviderProxy.invoke(ProviderFactory.java:165)
	at org.apache.maven.surefire.booter.ProviderFactory.invokeProvider(ProviderFactory.java:85)
	at org.apache.maven.surefire.booter.ForkedBooter.runSuitesInProcess(ForkedBooter.java:115)
	at org.apache.maven.surefire.booter.ForkedBooter.main(ForkedBooter.java:75)
Caused by: java.lang.NullPointerException
	at jxl.write.biff.File.write(File.java:134)
	... 38 more
... Removed 26 stack frames]]>
    </failure>
  </testcase>
</testsuite>
