<?xml version="1.0" encoding="UTF-8"?>
<testng-results skipped="0" failed="0" total="1" passed="1">
  <reporter-output>
  </reporter-output>
  <suite name="Default suite" duration-ms="484" started-at="2014-07-21T08:51:13Z" finished-at="2014-07-21T08:51:13Z">
    <groups>
    </groups>
    <test name="Default test" duration-ms="484" started-at="2014-07-21T08:51:13Z" finished-at="2014-07-21T08:51:13Z">
      <class name="com.projectname.grid.scripts.RunThread">
        <test-method status="PASS" signature="runThread()[pri:0, instance:com.projectname.grid.scripts.RunThread@5ca32803]" name="runThread" duration-ms="453" started-at="2014-07-21T14:21:13Z" finished-at="2014-07-21T14:21:13Z">
          <reporter-output>
          </reporter-output>
        </test-method> <!-- runThread -->
      </class> <!-- com.projectname.grid.scripts.RunThread -->
    </test> <!-- Default test -->
  </suite> <!-- Default suite -->
</testng-results>
