<?xml version="1.0" encoding="UTF-8" ?>
<testsuite failures="1" time="38.078" errors="0" skipped="0" tests="1" name="TestSuite">
  <properties>
[...]
</properties>
  <testcase time="38.078" classname="com.projectname.scripts.DriverScriptTest" name="driverScript">
    <failure message="java.lang.NullPointerException" type="java.lang.RuntimeException">java.lang.RuntimeException: java.lang.NullPointerException
	at jxl.write.biff.File.write(File.java:148)
	at jxl.write.biff.WritableWorkbookImpl.write(WritableWorkbookImpl.java:624)
	at com.projectname.scripts.DriverScriptTest.runTest(DriverScriptTest.java:152)
	at com.projectname.scripts.DriverScriptTest.driverScript(DriverScriptTest.java:78)
Caused by: java.lang.NullPointerException
	at jxl.write.biff.File.write(File.java:134)
	... 38 more
</failure>
    <system-out>Configuring TestNG with: org.apache.maven.surefire.testng.conf.TestNGMapConfigurator@2f5e8a8f
2014-05-14 18:05:34 INFO  FunctionLibrary:31 - Initialized All Resources Files
2014-05-14 18:05:34 INFO  FunctionLibrary:33 - Creatng Driver Script Object
2014-05-14 18:05:34 INFO  FunctionLibrary:35 - Creating Test Suite
2014-05-14 18:05:34 INFO  FunctionLibrary:37 - Creating Test Suite For Email Report
2014-05-14 18:05:34 INFO  FunctionLibrary:42 - Creating Suite In Detailed Test Report
2014-05-14 18:05:34 INFO  FunctionLibrary:44 - Creating Suite In Mailing Report
2014-05-14 18:05:34 INFO  FunctionLibrary:49 - Creating Excel Sheet For Test Results
2014-05-14 18:05:34 INFO  FunctionLibrary:53 - Total No.of Test Cases  6.0
2014-05-14 18:05:34 INFO  FunctionLibrary:54 - Launching Browser
2014-05-14 18:05:34 INFO  FunctionLibrary:56 - Loading Controller Work Book
Run Modes are--y
2014-05-14 18:05:34 INFO  FunctionLibrary:70 - Launching Google Chrome.......
2014-05-14 18:05:41 INFO  FunctionLibrary:102 - Selecting Test Scenario From Controller File
2014-05-14 18:05:41 INFO  FunctionLibrary:106 - Navigate To Test Scenario Sheet
2014-05-14 18:05:42 INFO  FunctionLibrary:112 - Loading Test Data Work Book
2014-05-14 18:05:42 INFO  FunctionLibrary:121 - Passing Parameters Driver Script to ContolScript
2014-05-14 18:05:42 INFO  FunctionLibrary:69 - Entering Data into email
2014-05-14 18:05:42 INFO  FunctionLibrary:69 - Entering Data into pass
2014-05-14 18:05:42 INFO  FunctionLibrary:65 - Clicking on Button //input[@value=&apos;Log In&apos;]
Fail count--0
2014-05-14 18:05:49 INFO  FunctionLibrary:137 - Test Scenario Result --Pass
Total Run Test Case Count ---1.0
Total Failed Test Case Count--0.0
Total Passed Test Cases ----1.0
100.0
0.0
E:\\Framewrk\\FacebookPoll
file created
2014-05-14 18:06:09 INFO  FunctionLibrary:102 - Selecting Test Scenario From Controller File
Total Run Test Case Count ---1.0
Total Failed Test Case Count--0.0
Total Passed Test Cases ----1.0
</system-out>
    <system-err>Starting ChromeDriver (v2.8.241075) on port 45841
java.lang.NullPointerException
	at jxl.write.biff.File.write(File.java:134)
	at jxl.write.biff.WritableWorkbookImpl.write(WritableWorkbookImpl.java:624)
	at com.projectname.scripts.DriverScriptTest.runTest(DriverScriptTest.java:152)
	at com.projectname.scripts.DriverScriptTest.driverScript(DriverScriptTest.java:78)
	at sun.reflect.NativeMethodAccessorImpl.invoke0(Native Method)
	at sun.reflect.NativeMethodAccessorImpl.invoke(NativeMethodAccessorImpl.java:57)
	at sun.reflect.DelegatingMethodAccessorImpl.invoke(DelegatingMethodAccessorImpl.java:43)
	at java.lang.reflect.Method.invoke(Method.java:606)
	at org.testng.internal.MethodInvocationHelper.invokeMethod(MethodInvocationHelper.java:80)
	at org.testng.internal.Invoker.invokeMethod(Invoker.java:673)
	at org.testng.internal.Invoker.invokeTestMethod(Invoker.java:842)
	at org.testng.internal.Invoker.invokeTestMethods(Invoker.java:1166)
	at org.testng.internal.TestMethodWorker.invokeTestMethods(TestMethodWorker.java:125)
	at org.testng.internal.TestMethodWorker.run(TestMethodWorker.java:109)
	at org.testng.TestRunner.runWorkers(TestRunner.java:1178)
	at org.testng.TestRunner.privateRun(TestRunner.java:757)
	at org.testng.TestRunner.run(TestRunner.java:608)
	at org.testng.SuiteRunner.runTest(SuiteRunner.java:334)
	at org.testng.SuiteRunner.runSequentially(SuiteRunner.java:329)
	at org.testng.SuiteRunner.privateRun(SuiteRunner.java:291)
	at org.testng.SuiteRunner.run(SuiteRunner.java:240)
	at org.testng.SuiteRunnerWorker.runSuite(SuiteRunnerWorker.java:52)
	at org.testng.SuiteRunnerWorker.run(SuiteRunnerWorker.java:86)
	at org.testng.TestNG.runSuitesSequentially(TestNG.java:1158)
	at org.testng.TestNG.runSuitesLocally(TestNG.java:1083)
	at org.testng.TestNG.run(TestNG.java:999)
	at org.apache.maven.surefire.testng.TestNGExecutor.run(TestNGExecutor.java:77)
	at org.apache.maven.surefire.testng.TestNGDirectoryTestSuite.executeMulti(TestNGDirectoryTestSuite.java:159)
	at org.apache.maven.surefire.testng.TestNGDirectoryTestSuite.execute(TestNGDirectoryTestSuite.java:99)
	at org.apache.maven.surefire.testng.TestNGProvider.invoke(TestNGProvider.java:106)
	at sun.reflect.NativeMethodAccessorImpl.invoke0(Native Method)
	at sun.reflect.NativeMethodAccessorImpl.invoke(NativeMethodAccessorImpl.java:57)
	at sun.reflect.DelegatingMethodAccessorImpl.invoke(DelegatingMethodAccessorImpl.java:43)
	at java.lang.reflect.Method.invoke(Method.java:606)
	at org.apache.maven.surefire.util.ReflectionUtils.invokeMethodWithArray(ReflectionUtils.java:189)
	at org.apache.maven.surefire.booter.ProviderFactory$ProviderProxy.invoke(ProviderFactory.java:165)
	at org.apache.maven.surefire.booter.ProviderFactory.invokeProvider(ProviderFactory.java:85)
	at org.apache.maven.surefire.booter.ForkedBooter.runSuitesInProcess(ForkedBooter.java:115)
	at org.apache.maven.surefire.booter.ForkedBooter.main(ForkedBooter.java:75)
</system-err>
  </testcase>
</testsuite>